STAT: jconf successfully finalized
STAT: *** loading AM00 _default
Stat: init_phmm: Reading in HMM definition
Stat: read_binhmm: binary format HMM definition
Stat: read_binhmm: this HMM does not need multipath handling
Stat: init_phmm: defined HMMs:    43
Stat: init_phmm: logical names:    43
Stat: init_phmm: base phones:    43 used in logical
Stat: init_phmm: finished reading HMM definitions
STAT: *** AM00 _default loaded
STAT: *** loading LM00 _default
STAT: reading [./wav/pjs002.dfa] and [./wav/pjs002.dict]...
Stat: init_voca: read 3 words
STAT: done
STAT: Gram #0 pjs002 registered
STAT: Gram #0 pjs002: new grammar loaded, now mash it up for recognition
STAT: Gram #0 pjs002: extracting category-pair constraint for the 1st pass
STAT: Gram #0 pjs002: installed
STAT: Gram #0 pjs002: turn on active
STAT: grammar update completed
STAT: *** LM00 _default loaded
STAT: ------
STAT: All models are ready, go for final fusion
STAT: [1] create MFCC extraction instance(s)
STAT: *** create MFCC calculation modules from AM
STAT: AM 0 _default: create a new module MFCC01
STAT: 1 MFCC modules created
STAT: [2] create recognition processing instance(s) with AM and LM
STAT: composing recognizer instance SR00 _default (AM00 _default, LM00 _default)
STAT: Building HMM lexicon tree
STAT: lexicon size: 252+0=252
STAT: coordination check passed
STAT: multi-gram: beam width set to 200 (guess) by lexicon change
STAT: wchmm (re)build completed
STAT: SR00 _default composed
STAT: [3] initialize for acoustic HMM calculation
Stat: outprob_init: state-level mixture PDFs, use calc_mix()
Stat: addlog: generating addlog table (size = 1953 kB)
Stat: addlog: addlog table generated
STAT: [4] prepare MFCC storage(s)
STAT: All init successfully done

STAT: ###### initialize input device
----------------------- System Information begin ---------------------
JuliusLib rev.4.3.1 (fast)

Engine specification:
 -  Base setup   : fast
 -  Supported LM : DFA, N-gram, Word
 -  Extension    : NoPThread
 -  Compiled by  : i686-w64-mingw32-gcc -O6 -fomit-frame-pointer

------------------------------------------------------------
Configuration of Modules

 Number of defined modules: AM=1, LM=1, SR=1

 Acoustic Model (with input parameter spec.):
 - AM00 "_default"
	hmmfilename=./models/hmmdefs_monof_mix16_gid.binhmm

 Language Model:
 - LM00 "_default"
	grammar #1:
	    dfa  = ./wav/pjs002.dfa
	    dict = ./wav/pjs002.dict

 Recognizer:
 - SR00 "_default" (AM00, LM00)

------------------------------------------------------------
Speech Analysis Module(s)

[MFCC01]  for [AM00 _default]

 Acoustic analysis condition:
	       parameter = MFCC_E_D_N_Z (25 dim. from 12 cepstrum + energy, abs energy supressed with CMN)
	sample frequency = 16000 Hz
	   sample period =  625  (1 = 100ns)
	     window size =  400 samples (25.0 ms)
	     frame shift =  160 samples (10.0 ms)
	    pre-emphasis = 0.97
	    # filterbank = 24
	   cepst. lifter = 22
	      raw energy = False
	energy normalize = False
	    delta window = 2 frames (20.0 ms) around
	     hi freq cut = OFF
	     lo freq cut = OFF
	 zero mean frame = OFF
	       use power = OFF
	             CVN = OFF
	            VTLN = OFF

    spectral subtraction = off

 cep. mean normalization = yes, with per-utterance self mean
 cep. var. normalization = no

	 base setup from = Julius defaults

------------------------------------------------------------
Acoustic Model(s)

[AM00 "_default"]

 HMM Info:
    43 models, 129 states, 129 mpdfs, 2064 Gaussians are defined
	      model type = context dependency handling OFF
      training parameter = MFCC_E_N_D_Z
	   vector length = 25
	number of stream = 1
	     stream info = [0-24]
	cov. matrix type = DIAGC
	   duration type = NULLD
	max mixture size = 16 Gaussians
     max length of model = 5 states
     logical base phones = 43
       model skip trans. = not exist, no multi-path handling

 AM Parameters:
        Gaussian pruning = none (full computation)  (-gprune)
    short pause HMM name = "sp" specified, "sp" applied (physical)  (-sp)
  cross-word CD on pass1 = handle by approx. (use average prob. of same LC)

------------------------------------------------------------
Language Model(s)

[LM00 "_default"] type=grammar

 DFA grammar info:
      4 nodes, 3 arcs, 3 terminal(category) symbols
      category-pair matrix: 16 bytes (436 bytes allocated)

 Vocabulary Info:
        vocabulary size  = 3 words, 84 models
        average word len = 28.0 models, 84.0 states
       maximum state num = 246 nodes per word
       transparent words = not exist
       words under class = not exist

 Parameters:
   found sp category IDs =

------------------------------------------------------------
Recognizer(s)

[SR00 "_default"]  AM00 "_default"  +  LM00 "_default"

 Lexicon tree:
	 total node num =    252
	  root node num =      3
	  leaf node num =      3

	(-penalty1) IW penalty1 = +0.0
	(-penalty2) IW penalty2 = +0.0
	(-cmalpha)CM alpha coef = 0.050000

 Search parameters: 
	    multi-path handling = no
	(-b) trellis beam width = 200 (-1 or not specified - guessed)
	(-bs)score pruning thres= disabled
	(-n)search candidate num= 1
	(-s)  search stack size = 500
	(-m)    search overflow = after 2000 hypothesis poped
	        2nd pass method = searching sentence, generating N-best
	(-b2)  pass2 beam width = 30
	(-lookuprange)lookup range= 5  (tm-5 <= t <tm+5)
	(-sb)2nd scan beamthres = 80.0 (in logscore)
	(-n)        search till = 1 candidates found
	(-output)    and output = 1 candidates out of above
	 output phoneme alignments
	 all possible words will be expanded in 2nd pass
	 build_wchmm2() used
	 lcdset limited by word-pair constraint
	short pause segmentation = off
	fall back on search fail = off, returns search failure

------------------------------------------------------------
Decoding algorithm:

	1st pass input processing = buffered, batch
	1st pass method = 1-best approx. generating indexed trellis
	output word confidence measure based on search-time scores

------------------------------------------------------------
FrontEnd:

 Input stream:
	             input type = waveform
	           input source = waveform file
	          input filelist = (none, get file name from stdin)
	          sampling freq. = 16000 Hz required
	         threaded A/D-in = not supported (live input may be dropped)
	   zero frames stripping = on
	         silence cutting = off
	    long-term DC removal = off
	    long-term DC removal = off
	    level scaling factor = 1.00 (disabled)
	      reject short input = off
	      reject  long input = off

----------------------- System Information end -----------------------

Notice for feature extraction (01),
	*************************************************************
	* Cepstral mean normalization for batch decoding:           *
	* per-utterance mean will be computed and applied.          *
	*************************************************************

------
### read waveform input
Stat: adin_file: input speechfile: ./wav/pjs002.wav
STAT: 320000 samples (20.00 sec.)
STAT: ### speech analysis (waveform -> MFCC)
### Recognition: 1st pass (LR beam)
pass1_best: w_0 w_1 w_2
pass1_best_wordseq: 0 1 2
pass1_best_phonemeseq: silB | ny u: i N g u r a N d o f u u h a gy u u ny u: o b e: s u t o sh i t a sh i r o i k u r i: m u s u: p u d e a r i b o s u t o N k u r a m u ch a u d a: t o m o y o b a r e r u | silE
pass1_best_score: -51995.445313
### Recognition: 2nd pass (RL heuristic best-first)
STAT: 00 _default: 3 generated, 3 pushed, 4 nodes popped in 1998
ALIGN: === phoneme alignment begin ===
sentence1: w_0 w_1 w_2
wseq1: 0 1 2
phseq1: silB | ny u: i N g u r a N d o f u u h a gy u u ny u: o b e: s u t o sh i t a sh i r o i k u r i: m u s u: p u d e a r i b o s u t o N k u r a m u ch a u d a: t o m o y o b a r e r u | silE
cmscore1: 1.000 1.000 1.000
score1: -51995.714844
=== begin forced alignment ===
-- phoneme alignment --
 id: from  to    n_score    unit
 ----------------------------------------
[   0  198]  -26.889475  silB
[ 199  214]  -25.602051  ny
[ 215  247]  -22.534830  u:
[ 248  268]  -24.334473  i
[ 269  279]  -24.525036  N
[ 280  282]  -32.167480  g
[ 283  293]  -23.800648  u
[ 294  300]  -27.901506  r
[ 301  322]  -25.284534  a
[ 323  342]  -27.615479  N
[ 343  346]  -30.509033  d
[ 347  389]  -22.786928  o
[ 390  400]  -27.735352  f
[ 401  413]  -25.561598  u
[ 414  488]  -23.656822  u
[ 489  492]  -30.072021  h
[ 493  517]  -25.422226  a
[ 518  521]  -37.665771  gy
[ 522  542]  -32.322079  u
[ 543  592]  -25.148340  u
[ 593  609]  -25.749598  ny
[ 610  642]  -21.244081  u:
[ 643  689]  -22.133062  o
[ 690  697]  -31.394531  b
[ 698  734]  -23.242558  e:
[ 735  749]  -27.603254  s
[ 750  788]  -25.593700  u
[ 789  796]  -30.287354  t
[ 797  858]  -24.625599  o
[ 859  877]  -27.670231  sh
[ 878  890]  -28.669020  i
[ 891  895]  -30.866796  t
[ 896  917]  -25.417524  a
[ 918  947]  -29.041992  sh
[ 948  977]  -24.333138  i
[ 978  983]  -28.870117  r
[ 984  996]  -26.664513  o
[ 997 1037]  -24.848894  i
[1038 1080]  -29.828943  k
[1081 1091]  -27.487749  u
[1092 1102]  -28.281605  r
[1103 1123]  -24.077103  i:
[1124 1128]  -29.848047  m
[1129 1137]  -26.243055  u
[1138 1149]  -28.589029  s
[1150 1173]  -24.503906  u:
[1174 1179]  -31.591146  p
[1180 1194]  -25.361067  u
[1195 1197]  -30.033854  d
[1198 1271]  -26.704445  e
[1272 1295]  -25.446777  a
[1296 1298]  -27.145834  r
[1299 1338]  -28.603907  i
[1339 1344]  -32.014973  b
[1345 1365]  -24.377419  o
[1366 1378]  -27.368990  s
[1379 1388]  -31.072657  u
[1389 1394]  -32.759766  t
[1395 1412]  -24.123482  o
[1413 1427]  -26.461720  N
[1428 1477]  -29.058281  k
[1478 1488]  -25.775213  u
[1489 1495]  -29.032925  r
[1496 1522]  -23.878906  a
[1523 1529]  -27.622768  m
[1530 1535]  -25.697266  u
[1536 1549]  -27.017578  ch
[1550 1578]  -23.122845  a
[1579 1593]  -26.295834  u
[1594 1598]  -26.631250  d
[1599 1650]  -23.408955  a:
[1651 1681]  -31.963709  t
[1682 1692]  -26.053267  o
[1693 1698]  -25.477213  m
[1699 1722]  -21.366373  o
[1723 1732]  -23.380859  y
[1733 1741]  -23.884115  o
[1742 1748]  -28.244978  b
[1749 1775]  -23.080729  a
[1776 1779]  -28.020508  r
[1780 1795]  -25.348145  e
[1796 1799]  -28.954102  r
[1800 1898]  -25.925741  u
[1899 1997]  -27.687223  silE
re-computed AM score: -51995.445313
=== end forced alignment ===


------
### read waveform input
